<?xml version="1.0" encoding="UTF-8"?>
<!-- Generated by org.testng.reporters.JUnitXMLReporter -->
<testsuite ignored="2" hostname="DESKTOP-VTNNO66" failures="0" tests="1" name="Default test" time="62.08" errors="0" timestamp="2024-09-13T21:14:19 IST">
  <testcase classname="com.comcast.crm.contacttest.CreateContactTest" name="createContact" time="38.125"/>
  <testcase classname="com.comcast.crm.contacttest.CreateContactTest" name="createContactWithOrgTest" time="0.0">
    <ignored/>
  </testcase> <!-- createContactWithOrgTest -->
  <testcase classname="com.comcast.crm.contacttest.CreateContactTest" name="createContactWithSupportDateTest" time="0.0">
    <ignored/>
  </testcase> <!-- createContactWithSupportDateTest -->
</testsuite> <!-- Default test -->
