<?xml version="1.0" encoding="UTF-8"?>
<!-- Generated by org.testng.reporters.JUnitXMLReporter -->
<testsuite ignored="2" hostname="DESKTOP-VTNNO66" failures="0" tests="1" name="Test" time="42.55" errors="0" timestamp="2024-09-09T17:30:07 IST">
  <testcase classname="com.comcast.crm.orgTest.CreateOrganisationTest" name="createOrganisation" time="31.372"/>
  <testcase classname="com.comcast.crm.orgTest.CreateOrganisationTest" name="createOrganisationWithPhoneNumberTest" time="0.0">
    <ignored/>
  </testcase> <!-- createOrganisationWithPhoneNumberTest -->
  <testcase classname="com.comcast.crm.orgTest.CreateOrganisationTest" name="createOrganisationWithIndustriesTest" time="0.0">
    <ignored/>
  </testcase> <!-- createOrganisationWithIndustriesTest -->
</testsuite> <!-- Test -->
